d:\mfcprj\dicom\dicom\x64\debug\vc141.pdb
d:\mfcprj\dicom\dicom\x64\debug\vc141.idb
d:\mfcprj\dicom\dicom\x64\debug\mainfrm.obj
d:\mfcprj\dicom\dicom\x64\debug\dicomview.obj
d:\mfcprj\dicom\dicom\x64\debug\dicom.obj
d:\mfcprj\dicom\dicom\x64\debug\windowcontroller.obj
d:\mfcprj\dicom\dicom\x64\debug\infordicom.obj
d:\mfcprj\dicom\dicom\x64\debug\dicomdoc.obj
d:\mfcprj\dicom\dicom\x64\debug\appdocument.obj
d:\mfcprj\dicom\dicom\x64\debug\imageslices.obj
d:\mfcprj\dicom\dicom\x64\debug\postprocessing.obj
d:\mfcprj\dicom\dicom\x64\debug\generatemask.obj
d:\mfcprj\dicom\dicom\x64\debug\drawmarker.obj
d:\mfcprj\dicom\dicom\x64\debug\detectmarker.obj
d:\mfcprj\dicom\dicom\x64\debug\volume.obj
d:\mfcprj\dicom\dicom\x64\debug\contours.obj
d:\mfcprj\dicom\dicom\x64\debug\slices.obj
d:\mfcprj\dicom\dicom\x64\debug\image.obj
d:\mfcprj\dicom\dicom\x64\debug\slice.obj
d:\mfcprj\dicom\dicom\x64\debug\dicom.pch
d:\mfcprj\dicom\dicom\x64\debug\pch.obj
d:\mfcprj\dicom\x64\debug\dicom.exe
d:\mfcprj\dicom\x64\debug\dicom.ilk
d:\mfcprj\dicom\x64\debug\dicom.pdb
d:\mfcprj\dicom\dicom\x64\debug\dicom.res
d:\mfcprj\dicom\dicom\x64\debug\imageslices.new.obj.enc
d:\mfcprj\dicom\dicom\x64\debug\mainfrm.new.obj.enc
d:\mfcprj\dicom\dicom\x64\debug\dicom.tlog\cl.command.1.tlog
d:\mfcprj\dicom\dicom\x64\debug\dicom.tlog\cl.read.1.tlog
d:\mfcprj\dicom\dicom\x64\debug\dicom.tlog\cl.write.1.tlog
d:\mfcprj\dicom\dicom\x64\debug\dicom.tlog\link.command.1.tlog
d:\mfcprj\dicom\dicom\x64\debug\dicom.tlog\link.read.1.tlog
d:\mfcprj\dicom\dicom\x64\debug\dicom.tlog\link.write.1.tlog
d:\mfcprj\dicom\dicom\x64\debug\dicom.tlog\rc.command.1.tlog
d:\mfcprj\dicom\dicom\x64\debug\dicom.tlog\rc.read.1.tlog
d:\mfcprj\dicom\dicom\x64\debug\dicom.tlog\rc.write.1.tlog
